0 info it worked if it ends with ok
1 verbose cli [ 'node', '/usr/local/bin/npm', 'version', 'patch' ]
2 info using npm@1.2.18
3 info using node@v0.10.5
4 silly exec git "status" "--porcelain"
5 silly git,status,--porcelain, spawning
6 error Error: Git working directory not clean.
6 error M  Makefile
6 error A  bin/watchme
6 error M  package.json
6 error M  src/usage.coffee
6 error D  watchme
6 error     at /usr/local/lib/node_modules/npm/lib/version.js:82:33
6 error     at /usr/local/lib/node_modules/npm/node_modules/once/once.js:17:15
6 error     at ChildProcess.<anonymous> (/usr/local/lib/node_modules/npm/lib/utils/exec.js:64:5)
6 error     at ChildProcess.EventEmitter.emit (events.js:98:17)
6 error     at maybeClose (child_process.js:730:16)
6 error     at Socket.<anonymous> (child_process.js:943:11)
6 error     at Socket.EventEmitter.emit (events.js:95:17)
6 error     at Pipe.close (net.js:451:12)
7 error If you need help, you may report this log at:
7 error     <http://github.com/isaacs/npm/issues>
7 error or email it to:
7 error     <npm-@googlegroups.com>
8 error System Darwin 13.0.0
9 error command "node" "/usr/local/bin/npm" "version" "patch"
10 error cwd /Users/lawrencejones/Desktop/Projects/watchme
11 error node -v v0.10.5
12 error npm -v 1.2.18
13 verbose exit [ 1, true ]
